-------------------------------------------------------------------------------
Test set: com.portfolio.backEndArgProg.BackEndArgProgApplicationTests
-------------------------------------------------------------------------------
Tests run: 1, Failures: 0, Errors: 1, Skipped: 0, Time elapsed: 3.878 s <<< FAILURE! - in com.portfolio.backEndArgProg.BackEndArgProgApplicationTests
contextLoads  Time elapsed: 0.023 s  <<< ERROR!
java.lang.IllegalStateException: Failed to load ApplicationContext for [WebMergedContextConfiguration@31e84f10 testClass = com.portfolio.backEndArgProg.BackEndArgProgApplicationTests, locations = [], classes = [com.portfolio.backEndArgProg.BackEndArgProgApplication], contextInitializerClasses = [], activeProfiles = [], propertySourceLocations = [], propertySourceProperties = ["org.springframework.boot.test.context.SpringBootTestContextBootstrapper=true"], contextCustomizers = [org.springframework.boot.test.context.filter.ExcludeFilterContextCustomizer@6a57ae10, org.springframework.boot.test.json.DuplicateJsonObjectContextCustomizerFactory$DuplicateJsonObjectContextCustomizer@3b79fd76, org.springframework.boot.test.mock.mockito.MockitoContextCustomizer@0, org.springframework.boot.test.web.client.TestRestTemplateContextCustomizer@704deff2, org.springframework.boot.test.autoconfigure.actuate.observability.ObservabilityContextCustomizerFactory$DisableObservabilityContextCustomizer@9da1, org.springframework.boot.test.autoconfigure.properties.PropertyMappingContextCustomizer@0, org.springframework.boot.test.autoconfigure.web.servlet.WebDriverContextCustomizerFactory$Customizer@2049a9c1, org.springframework.boot.test.context.SpringBootTestAnnotation@964b66f9], resourceBasePath = "src/main/webapp", contextLoader = org.springframework.boot.test.context.SpringBootContextLoader, parent = null]
Caused by: org.springframework.beans.factory.UnsatisfiedDependencyException: Error creating bean with name 'experienciaService': Unsatisfied dependency expressed through field 'expRepo': Error creating bean with name 'experienciaRepository' defined in com.portfolio.backEndArgProg.Repository.ExperienciaRepository defined in @EnableJpaRepositories declared on JpaRepositoriesRegistrar.EnableJpaRepositoriesConfiguration: Could not create query for public abstract boolean com.portfolio.backEndArgProg.Repository.ExperienciaRepository.existByNombre(java.lang.String); Reason: Failed to create query for method public abstract boolean com.portfolio.backEndArgProg.Repository.ExperienciaRepository.existByNombre(java.lang.String); No property 'existByNombre' found for type 'Experiencia'
Caused by: org.springframework.beans.factory.BeanCreationException: Error creating bean with name 'experienciaRepository' defined in com.portfolio.backEndArgProg.Repository.ExperienciaRepository defined in @EnableJpaRepositories declared on JpaRepositoriesRegistrar.EnableJpaRepositoriesConfiguration: Could not create query for public abstract boolean com.portfolio.backEndArgProg.Repository.ExperienciaRepository.existByNombre(java.lang.String); Reason: Failed to create query for method public abstract boolean com.portfolio.backEndArgProg.Repository.ExperienciaRepository.existByNombre(java.lang.String); No property 'existByNombre' found for type 'Experiencia'
Caused by: org.springframework.data.repository.query.QueryCreationException: Could not create query for public abstract boolean com.portfolio.backEndArgProg.Repository.ExperienciaRepository.existByNombre(java.lang.String); Reason: Failed to create query for method public abstract boolean com.portfolio.backEndArgProg.Repository.ExperienciaRepository.existByNombre(java.lang.String); No property 'existByNombre' found for type 'Experiencia'
Caused by: java.lang.IllegalArgumentException: Failed to create query for method public abstract boolean com.portfolio.backEndArgProg.Repository.ExperienciaRepository.existByNombre(java.lang.String); No property 'existByNombre' found for type 'Experiencia'
Caused by: org.springframework.data.mapping.PropertyReferenceException: No property 'existByNombre' found for type 'Experiencia'

